<?xml version="1.0" encoding="UTF-8"?>
<!-- Generated by org.testng.reporters.JUnitXMLReporter -->
<testsuite hostname="DESKTOP-TOLCH0V" ignored="0" name="Elements" tests="12" failures="0" timestamp="2022-02-03T00:56:28 CET" time="20.877" errors="0">
  <testcase name="kliktalicaDesna" time="1.055" classname="Tests.TestElements.TestButtons"/>
  <testcase name="kliktalicaDupla" time="0.538" classname="Tests.TestElements.TestButtons"/>
  <testcase name="kliktalicaLeva" time="0.36" classname="Tests.TestElements.TestButtons"/>
  <testcase name="selectigAllBoxes" time="1.025" classname="Tests.TestElements.TestCheckbox"/>
  <testcase name="enterPersonalInfoHappyPath" time="1.388" classname="Tests.TestElements.TestTextBox"/>
  <testcase name="enterPersonalInfoHappyPath" time="0.877" classname="Tests.TestElements.TestTextBox"/>
  <testcase name="enterPersonalInfoHappyPath" time="0.734" classname="Tests.TestElements.TestTextBox"/>
  <testcase name="enterPersonalInfoHappyPath" time="0.821" classname="Tests.TestElements.TestTextBox"/>
  <testcase name="enterPersonalInfoHappyPath" time="0.843" classname="Tests.TestElements.TestTextBox"/>
  <testcase name="enteringNewEmployeeHappyPath" time="1.973" classname="Tests.TestElements.TestWebTables"/>
  <testcase name="enteringNewEmployeeHappyPath" time="1.34" classname="Tests.TestElements.TestWebTables"/>
  <testcase name="enteringNewEmployeeHappyPath" time="1.281" classname="Tests.TestElements.TestWebTables"/>
</testsuite> <!-- Elements -->
